  4DPlugin.cpp
  egkreader.cpp
  egkreader_win.cpp
  pasprintf.cpp
  4DPluginAPI.c
4D Plugin API\4DPluginAPI.c(1481): warning C4047: "=": Anzahl der Dereferenzierungen bei "sLONG_PTR" und "PA_Pointer" unterschiedlich
4D Plugin API\4DPluginAPI.c(2045): warning C4047: "=": Anzahl der Dereferenzierungen bei "sLONG_PTR" und "PA_Pointer" unterschiedlich
4D Plugin API\4DPluginAPI.c(2078): warning C4047: "=": Anzahl der Dereferenzierungen bei "sLONG_PTR" und "PA_Pointer" unterschiedlich
4D Plugin API\4DPluginAPI.c(2590): warning C4047: "=": Anzahl der Dereferenzierungen bei "sLONG_PTR" und "PA_Rect *" unterschiedlich
4D Plugin API\4DPluginAPI.c(3013): warning C4047: "=": Anzahl der Dereferenzierungen bei "sLONG_PTR" und "char *" unterschiedlich
4D Plugin API\4DPluginAPI.c(3033): warning C4047: "=": Anzahl der Dereferenzierungen bei "sLONG_PTR" und "void *" unterschiedlich
4D Plugin API\4DPluginAPI.c(4720): warning C4047: "=": Anzahl der Dereferenzierungen bei "sLONG_PTR" und "char *" unterschiedlich
4D Plugin API\4DPluginAPI.c(4721): warning C4047: "=": Anzahl der Dereferenzierungen bei "sLONG_PTR" und "char *" unterschiedlich
4D Plugin API\4DPluginAPI.c(4767): warning C4047: "=": Anzahl der Dereferenzierungen bei "sLONG_PTR" und "char *" unterschiedlich
4D Plugin API\4DPluginAPI.c(4768): warning C4047: "=": Anzahl der Dereferenzierungen bei "sLONG_PTR" und "char *" unterschiedlich
4D Plugin API\4DPluginAPI.c(5065): warning C4047: "=": Anzahl der Dereferenzierungen bei "sLONG_PTR" und "PA_Variable *" unterschiedlich
4D Plugin API\4DPluginAPI.c(5104): warning C4047: "=": Anzahl der Dereferenzierungen bei "sLONG_PTR" und "PA_Handle" unterschiedlich
4D Plugin API\4DPluginAPI.c(5161): warning C4047: "=": Anzahl der Dereferenzierungen bei "sLONG_PTR" und "PA_Variable *" unterschiedlich
4D Plugin API\4DPluginAPI.c(6602): warning C4047: "return": Anzahl der Dereferenzierungen bei "sLONG_PTR" und "PA_Handle" unterschiedlich
4D Plugin API\4DPluginAPI.c(6610): warning C4047: "return": Anzahl der Dereferenzierungen bei "sLONG_PTR" und "PA_WindowRef" unterschiedlich
4D Plugin API\4DPluginAPI.c(6707): warning C4047: "=": Anzahl der Dereferenzierungen bei "sLONG_PTR" und "PA_Rect *" unterschiedlich
4D Plugin API\4DPluginAPI.c(6801): warning C4047: "=": Anzahl der Dereferenzierungen bei "sLONG_PTR" und "PA_Rect *" unterschiedlich
4D Plugin API\4DPluginAPI.c(7124): warning C4047: "=": Anzahl der Dereferenzierungen bei "sLONG_PTR" und "PA_Unichar *" unterschiedlich
4D Plugin API\4DPluginAPI.c(7125): warning C4047: "=": Anzahl der Dereferenzierungen bei "sLONG_PTR" und "PA_Unichar *" unterschiedlich
4D Plugin API\4DPluginAPI.c(7126): warning C4047: "=": Anzahl der Dereferenzierungen bei "sLONG_PTR" und "PA_Unichar *" unterschiedlich
4D Plugin API\4DPluginAPI.c(7127): warning C4047: "=": Anzahl der Dereferenzierungen bei "sLONG_PTR" und "PA_Unichar *" unterschiedlich
4D Plugin API\4DPluginAPI.c(7501): warning C4244: "=": Konvertierung von "sLONG_PTR" in "PA_long32", möglicher Datenverlust
     Bibliothek "C:\Users\Admin\Documents\EGKReader\_build\egkreader.bundle\Contents\Windows64\egkreader.lib" und Objekt "C:\Users\Admin\Documents\EGKReader\_build\egkreader.bundle\Contents\Windows64\egkreader.exp" werden erstellt.
  Code wird generiert.
  21 of 23 functions (91.3%) were compiled, the rest were copied from previous compilation.
    0 functions were new in current compilation
    0 functions had inline decision re-evaluated but remain unchanged
  Codegenerierung ist abgeschlossen.
  4D Plugin-VS9.vcxproj -> C:\Users\Admin\Documents\EGKReader\_build\egkreader.bundle\Contents\Windows64\egkreader.4DX
