c:\users\admin\documents\egkreader\x64\release\pasprintf.obj
c:\users\admin\documents\egkreader\x64\release\egkreader_win.obj
c:\users\admin\documents\egkreader\x64\release\egkreader.obj
c:\users\admin\documents\egkreader\x64\release\4dplugin.obj
c:\users\admin\documents\egkreader\x64\release\vc110.pdb
c:\users\admin\documents\egkreader\x64\release\4dpluginapi.obj
c:\users\admin\documents\egkreader\_build\egkreader.bundle\contents\windows64\egkreader.lib
c:\users\admin\documents\egkreader\_build\egkreader.bundle\contents\windows64\egkreader.exp
c:\users\admin\documents\egkreader\_build\egkreader.bundle\contents\windows64\egkreader.4dx
c:\users\admin\documents\workbench\egkplugin_170807\x64\release\vc141.pdb
c:\users\admin\documents\workbench\egkplugin_170807\x64\release\pasprintf.obj
c:\users\admin\documents\workbench\egkplugin_170807\x64\release\egkreader_win.obj
c:\users\admin\documents\workbench\egkplugin_170807\x64\release\egkreader.obj
c:\users\admin\documents\workbench\egkplugin_170807\x64\release\4dplugin.obj
c:\users\admin\documents\workbench\egkplugin_170807\x64\release\4dpluginapi.obj
c:\users\admin\documents\egkreader\x64\release\vc141.pdb
c:\users\admin\documents\workbench\egkplugin_170807\_build\egkreader.bundle\contents\windows64\egkreader.lib
c:\users\admin\documents\workbench\egkplugin_170807\_build\egkreader.bundle\contents\windows64\egkreader.exp
c:\users\admin\documents\workbench\egkplugin_170807\_build\egkreader.bundle\contents\windows64\egkreader.ipdb
c:\users\admin\documents\workbench\egkplugin_170807\_build\egkreader.bundle\contents\windows64\egkreader.iobj
c:\users\admin\documents\egkreader\_build\egkreader.bundle\contents\windows64\egkreader.ipdb
c:\users\admin\documents\egkreader\_build\egkreader.bundle\contents\windows64\egkreader.iobj
c:\users\admin\documents\workbench\egkplugin_170807\_build\egkreader.bundle\contents\windows64\egkreader.4dx
c:\users\admin\documents\egkreader\x64\release\cl.command.1.tlog
c:\users\admin\documents\egkreader\x64\release\cl.read.1.tlog
c:\users\admin\documents\egkreader\x64\release\cl.write.1.tlog
c:\users\admin\documents\egkreader\x64\release\egkreader.write.1.tlog
c:\users\admin\documents\egkreader\x64\release\link-cvtres.read.1.tlog
c:\users\admin\documents\egkreader\x64\release\link-cvtres.write.1.tlog
c:\users\admin\documents\egkreader\x64\release\link-rc.read.1.tlog
c:\users\admin\documents\egkreader\x64\release\link-rc.write.1.tlog
c:\users\admin\documents\egkreader\x64\release\link.command.1.tlog
c:\users\admin\documents\egkreader\x64\release\link.read.1.tlog
c:\users\admin\documents\egkreader\x64\release\link.write.1.tlog
c:\users\admin\documents\egkreader\x64\release\egkreader.tlog\cl.command.1.tlog
c:\users\admin\documents\egkreader\x64\release\egkreader.tlog\cl.read.1.tlog
c:\users\admin\documents\egkreader\x64\release\egkreader.tlog\cl.write.1.tlog
c:\users\admin\documents\egkreader\x64\release\egkreader.tlog\egkreader.write.1u.tlog
c:\users\admin\documents\egkreader\x64\release\egkreader.tlog\link.command.1.tlog
c:\users\admin\documents\egkreader\x64\release\egkreader.tlog\link.read.1.tlog
c:\users\admin\documents\egkreader\x64\release\egkreader.tlog\link.write.1.tlog
